<?xml version="1.0" encoding="UTF-8"?>
<!-- Generated by org.testng.reporters.JUnitReportReporter -->
<testsuite skipped="0" hostname="DESKTOP-7OHLGGT" name="com.herokuapp.theinternet.PositiveTest" tests="1" failures="0" timestamp="2022-05-17T10:32:22 CDT" time="14.171" errors="0">
  <testcase name="loginTest" time="14.171" classname="com.herokuapp.theinternet.PositiveTest"/>
  <system-out/>
</testsuite> <!-- com.herokuapp.theinternet.PositiveTest -->
